<?xml version="1.0" encoding="ISO-8859-1" ?>
<!DOCTYPE html PUBLIC "-//W3C//DTD XHTML 1.0 Strict//EN"
"http://www.w3.org/TR/xhtml1/DTD/xhtml1-strict.dtd">
<html xmlns="http://www.w3.org/1999/xhtml" xml:lang="en" lang="en">
<head>
  <meta http-equiv="Content-Type" content="text/html;charset=utf-8" />
  <meta name="description" content="TestNG unit test results." />
  <link href="css/bootstrap.min.css" rel="stylesheet" />
  <link href="css/reportngClass.css" rel="stylesheet" />
  <script type="text/javascript" src="js/reportngClass.js"></script>
  <script type="text/javascript" src="js/jquery-1.4.4.min.js"></script> 
  <script type="text/javascript" src="js/jquery.tablesorter.min.js"></script>
  <script type="text/javascript" src="js/json-min.js"></script>
  <script type="text/javascript">
	$(document).ready(function(){
		$('.tablesorter').tablesorter({sortList: [[0,0]]});
	});
  </script>
</head>
<body onload="doParse(); return false;" onkeypress="collapseExpand();">
<div class="well well-large">
	<b>Test Info</>
	<table class="table">
	  <tr>
	    <th>Test Name : </th>
	    <th>
	    	<div class="tooltipCustom">
	    		<img src="images/copy.png" width="10" height="15" alt="Copy to Clipboard" onclick="copyToClipboard('#testNameId')"/>
	    		<span class="tooltiptextCustom">Copy Test name</span>
			</div>
	    </th>
	    <th id="testNameId">Listener Testing</th> 
	  </tr>
	  <tr>
	    <th>Test Class : </th>
	    <th>
	    	<div class="tooltipCustom">
	    		<img src="images/copy.png" width="10" height="15" alt="Copy to Clipboard" onclick="copyToClipboard('#testClassId')"/>
	    		<span class="tooltiptextCustom">Copy full path Class name</span>
			</div>
	    	<div class="tooltipCustom">
	    		<img src="images/copy.png" width="10" height="15" alt="Copy to Clipboard" onclick="copyToClipboard('#testClassNameId')"/>
	    		<span class="tooltiptextCustom">Copy Class name</span>
			</div>
	    </th> 
	    <th id="testClassId">ui.ListenerDemoTest</th>
	    <th id="testClassNameId" hidden="true">ListenerDemoTest</th>
	  </tr>
	  <tr>
	    <th>Suite Name : </th>
	    <th>
	    	<div class="tooltipCustom">
	    		<img src="images/copy.png" width="10" height="15" alt="Copy to Clipboard" onclick="copyToClipboard('#suiteNameId')"/>
	    		<span class="tooltiptextCustom">Copy Suite name</span>
			</div>
		</th>
	    <th id="suiteNameId">UI Test Suite</th>
	  </tr>
	  <tr>
	    <th>Suite XML : </th>
	    <th>
	    	<div class="tooltipCustom">
	    		<img src="images/copy.png" width="10" height="15" alt="Copy to Clipboard" onclick="copyToClipboard('#suiteXMLId')"/>
	    		<span class="tooltiptextCustom">Copy Suite full path name</span>
			</div>
	    	<div class="tooltipCustom">
	    		<img src="images/copy.png" width="10" height="15" alt="Copy to Clipboard" onclick="copyToClipboard('#suiteXMLNameId')"/>
	    		<span class="tooltiptextCustom">Copy Suite file name</span>
			</div>
	    </th> 
	  	<th id="suiteXMLId">C:\Users\91861\Desktop\Voicera-Analytics Learning Materaial\TestNG_Framework\TestNG_Simple_project\testng.xml</th>
	  	<th id="suiteXMLNameId" hidden="true">testng.xml</th>
	  </tr>
	  	  <tr>
	    <th>Total Time : </th>
	    <th></th>
	    <th>00:00:26</th> 
	  </tr>
	  <tr>
	    <th>Total Steps : </th>
	   	<th></th>
	    <th>1</th> 
	  </tr>
	  <tr>
	    <th>Status : </th>
	    <th></th>
	    <th><font color="red">FAIL</font></th> 
	  </tr>
	</table>
</div>
<div class="well well-large">
	<div class="row">
		<div class="col-xs-12">
	        <div class="text-right">
	            <button id="hideResults" type="button" class="btn-danger" onclick="collapseExpand(this);" onkeypress="collapseExpand(this);" class="btn pull-right" title="Click or Press Any key to collapse/expand All Failed Tests and Configuration Methods">Show Only Failures</button>
	        </div>
	    </div>
	</div>
	<table class="tablesorter" border="1">
		<thead>
		<tr>
		<th class="headerTime">Time</th>
		<th class="headerTime" width="12%">Info</th>
		<th class="headerTime" width="88%">Test</th>
		</tr>
		</thead>
		<tbody>
		
				
				
												
											<tr>
	<td class="time">1649773914884</td>
	<td class="header failed" colspan="4" onClick="toggleElement('affe5326-2fd3-4aeb-9fef-c6aaffb1746b','block');changeSingleIcon('span-affe5326-2fd3-4aeb-9fef-c6aaffb1746b');" title="Click to expand/collapse" style="cursor: pointer;">
	<div style="float:left;"><i>Class&nbsp;:&nbsp;</i>ui.ListenerDemoTest</div>
	<div style="float:right;">@Test @ with DataProvider : [""] &nbsp;&nbsp;<span id='span-affe5326-2fd3-4aeb-9fef-c6aaffb1746b' class="glyphicon glyphicon-menu-down"></span></div>
	</td>
	</tr>
<tr>
	<td class="time">1649773914884</td>
	<td class="methodTest">
		<span class="description"><b>Method: </b>launchApp</span><br>
			<span class="description"><b>Description: </b></span><br>
							<span class="duration"><b>Duration: </b>4.156s</span><br>
	</td>
	<td class="result">
						<div class="noCollapse" id="affe5326-2fd3-4aeb-9fef-c6aaffb1746b" style="display: block;">
												Testcase launchApp started successfully
												Testcase launchApp failed
												<a href="C:\Users\91861\Desktop\Voicera-Analytics Learning Materaial\TestNG_Framework\TestNG_Simple_project\screenshot\Mon-Apr-11-20-09-46-IST-2022.png">Test Result</a>
									<a href="javascript:toggleElement('exception-affe5326-2fd3-4aeb-9fef-c6aaffb1746b','block')" title="Click to expand/collapse"><b>java.lang.AssertionError: expected [true] but found [false]</b></a><br/>
		<div class="stackTrace" id="exception-affe5326-2fd3-4aeb-9fef-c6aaffb1746b">
					org.testng.Assert.fail(Assert.java:99)<br/>
					org.testng.Assert.failNotEquals(Assert.java:1037)<br/>
					org.testng.Assert.assertTrue(Assert.java:45)<br/>
					org.testng.Assert.assertTrue(Assert.java:55)<br/>
					ui.ListenerDemoTest.launchApp(ListenerDemoTest.java:14)<br/>
					java.base/jdk.internal.reflect.NativeMethodAccessorImpl.invoke0(Native Method)<br/>
					java.base/jdk.internal.reflect.NativeMethodAccessorImpl.invoke(NativeMethodAccessorImpl.java:62)<br/>
					java.base/jdk.internal.reflect.DelegatingMethodAccessorImpl.invoke(DelegatingMethodAccessorImpl.java:43)<br/>
					java.base/java.lang.reflect.Method.invoke(Method.java:566)<br/>
					org.testng.internal.MethodInvocationHelper.invokeMethod(MethodInvocationHelper.java:133)<br/>
					org.testng.internal.TestInvoker.invokeMethod(TestInvoker.java:598)<br/>
					org.testng.internal.TestInvoker.retryFailed(TestInvoker.java:213)<br/>
					org.testng.internal.MethodRunner.runInSequence(MethodRunner.java:58)<br/>
					org.testng.internal.TestInvoker$MethodInvocationAgent.invoke(TestInvoker.java:824)<br/>
					org.testng.internal.TestInvoker.invokeTestMethods(TestInvoker.java:146)<br/>
					org.testng.internal.TestMethodWorker.invokeTestMethods(TestMethodWorker.java:146)<br/>
					org.testng.internal.TestMethodWorker.run(TestMethodWorker.java:128)<br/>
					java.base/java.util.ArrayList.forEach(ArrayList.java:1540)<br/>
					org.testng.TestRunner.privateRun(TestRunner.java:794)<br/>
					org.testng.TestRunner.run(TestRunner.java:596)<br/>
					org.testng.SuiteRunner.runTest(SuiteRunner.java:377)<br/>
					org.testng.SuiteRunner.runSequentially(SuiteRunner.java:371)<br/>
					org.testng.SuiteRunner.privateRun(SuiteRunner.java:332)<br/>
					org.testng.SuiteRunner.run(SuiteRunner.java:276)<br/>
					org.testng.SuiteRunnerWorker.runSuite(SuiteRunnerWorker.java:53)<br/>
					org.testng.SuiteRunnerWorker.run(SuiteRunnerWorker.java:96)<br/>
					org.testng.TestNG.runSuitesSequentially(TestNG.java:1212)<br/>
					org.testng.TestNG.runSuitesLocally(TestNG.java:1134)<br/>
					org.testng.TestNG.runSuites(TestNG.java:1063)<br/>
					org.testng.TestNG.run(TestNG.java:1031)<br/>
					org.testng.remote.AbstractRemoteTestNG.run(AbstractRemoteTestNG.java:115)<br/>
					org.testng.remote.RemoteTestNG.initAndRun(RemoteTestNG.java:251)<br/>
					org.testng.remote.RemoteTestNG.main(RemoteTestNG.java:77)<br/>
						</div>
		</td>
	</div>
</tr>
						
											<tr>
	<td class="time">1649773902590</td>
	<td class="header skipped" colspan="4" onClick="toggleElement('959327ae-c63d-4115-91e1-519fa97b1927','block');changeSingleIcon('span-959327ae-c63d-4115-91e1-519fa97b1927');" title="Click to expand/collapse" style="cursor: pointer;">
	<div style="float:left;"><i>Class&nbsp;:&nbsp;</i>ui.ListenerDemoTest</div>
	<div style="float:right;">@Test @ with DataProvider : [""] &nbsp;&nbsp;<span id='span-959327ae-c63d-4115-91e1-519fa97b1927' class="glyphicon glyphicon-menu-down"></span></div>
	</td>
	</tr>
<tr>
	<td class="time">1649773902590</td>
	<td class="methodTest">
		<span class="description"><b>Method: </b>launchApp</span><br>
			<span class="description"><b>Description: </b></span><br>
							<span class="duration"><b>Duration: </b>1.994s</span><br>
	</td>
	<td class="result">
		 									<div class="stackTrace" id="959327ae-c63d-4115-91e1-519fa97b1927" style="display: block;">
												Testcase launchApp started successfully
												Testcase launchApp got skipped
									<a href="javascript:toggleElement('exception-959327ae-c63d-4115-91e1-519fa97b1927','block')" title="Click to expand/collapse"><b>java.lang.AssertionError: expected [true] but found [false]</b></a><br/>
		<div class="stackTrace" id="exception-959327ae-c63d-4115-91e1-519fa97b1927">
					org.testng.Assert.fail(Assert.java:99)<br/>
					org.testng.Assert.failNotEquals(Assert.java:1037)<br/>
					org.testng.Assert.assertTrue(Assert.java:45)<br/>
					org.testng.Assert.assertTrue(Assert.java:55)<br/>
					ui.ListenerDemoTest.launchApp(ListenerDemoTest.java:14)<br/>
					java.base/jdk.internal.reflect.NativeMethodAccessorImpl.invoke0(Native Method)<br/>
					java.base/jdk.internal.reflect.NativeMethodAccessorImpl.invoke(NativeMethodAccessorImpl.java:62)<br/>
					java.base/jdk.internal.reflect.DelegatingMethodAccessorImpl.invoke(DelegatingMethodAccessorImpl.java:43)<br/>
					java.base/java.lang.reflect.Method.invoke(Method.java:566)<br/>
					org.testng.internal.MethodInvocationHelper.invokeMethod(MethodInvocationHelper.java:133)<br/>
					org.testng.internal.TestInvoker.invokeMethod(TestInvoker.java:598)<br/>
					org.testng.internal.TestInvoker.retryFailed(TestInvoker.java:213)<br/>
					org.testng.internal.MethodRunner.runInSequence(MethodRunner.java:58)<br/>
					org.testng.internal.TestInvoker$MethodInvocationAgent.invoke(TestInvoker.java:824)<br/>
					org.testng.internal.TestInvoker.invokeTestMethods(TestInvoker.java:146)<br/>
					org.testng.internal.TestMethodWorker.invokeTestMethods(TestMethodWorker.java:146)<br/>
					org.testng.internal.TestMethodWorker.run(TestMethodWorker.java:128)<br/>
					java.base/java.util.ArrayList.forEach(ArrayList.java:1540)<br/>
					org.testng.TestRunner.privateRun(TestRunner.java:794)<br/>
					org.testng.TestRunner.run(TestRunner.java:596)<br/>
					org.testng.SuiteRunner.runTest(SuiteRunner.java:377)<br/>
					org.testng.SuiteRunner.runSequentially(SuiteRunner.java:371)<br/>
					org.testng.SuiteRunner.privateRun(SuiteRunner.java:332)<br/>
					org.testng.SuiteRunner.run(SuiteRunner.java:276)<br/>
					org.testng.SuiteRunnerWorker.runSuite(SuiteRunnerWorker.java:53)<br/>
					org.testng.SuiteRunnerWorker.run(SuiteRunnerWorker.java:96)<br/>
					org.testng.TestNG.runSuitesSequentially(TestNG.java:1212)<br/>
					org.testng.TestNG.runSuitesLocally(TestNG.java:1134)<br/>
					org.testng.TestNG.runSuites(TestNG.java:1063)<br/>
					org.testng.TestNG.run(TestNG.java:1031)<br/>
					org.testng.remote.AbstractRemoteTestNG.run(AbstractRemoteTestNG.java:115)<br/>
					org.testng.remote.RemoteTestNG.initAndRun(RemoteTestNG.java:251)<br/>
					org.testng.remote.RemoteTestNG.main(RemoteTestNG.java:77)<br/>
						</div>
		</td>
	</div>
</tr>
					<tr>
	<td class="time">1649773904585</td>
	<td class="header skipped" colspan="4" onClick="toggleElement('f9f30060-1b33-4506-ba21-e74deaa835d2','block');changeSingleIcon('span-f9f30060-1b33-4506-ba21-e74deaa835d2');" title="Click to expand/collapse" style="cursor: pointer;">
	<div style="float:left;"><i>Class&nbsp;:&nbsp;</i>ui.ListenerDemoTest</div>
	<div style="float:right;">@Test @ with DataProvider : [""] &nbsp;&nbsp;<span id='span-f9f30060-1b33-4506-ba21-e74deaa835d2' class="glyphicon glyphicon-menu-down"></span></div>
	</td>
	</tr>
<tr>
	<td class="time">1649773904585</td>
	<td class="methodTest">
		<span class="description"><b>Method: </b>launchApp</span><br>
			<span class="description"><b>Description: </b></span><br>
							<span class="duration"><b>Duration: </b>10.297s</span><br>
	</td>
	<td class="result">
		 									<div class="stackTrace" id="f9f30060-1b33-4506-ba21-e74deaa835d2" style="display: block;">
												Testcase launchApp started successfully
												Testcase launchApp got skipped
									<a href="javascript:toggleElement('exception-f9f30060-1b33-4506-ba21-e74deaa835d2','block')" title="Click to expand/collapse"><b>java.lang.AssertionError: expected [true] but found [false]</b></a><br/>
		<div class="stackTrace" id="exception-f9f30060-1b33-4506-ba21-e74deaa835d2">
					org.testng.Assert.fail(Assert.java:99)<br/>
					org.testng.Assert.failNotEquals(Assert.java:1037)<br/>
					org.testng.Assert.assertTrue(Assert.java:45)<br/>
					org.testng.Assert.assertTrue(Assert.java:55)<br/>
					ui.ListenerDemoTest.launchApp(ListenerDemoTest.java:14)<br/>
					java.base/jdk.internal.reflect.NativeMethodAccessorImpl.invoke0(Native Method)<br/>
					java.base/jdk.internal.reflect.NativeMethodAccessorImpl.invoke(NativeMethodAccessorImpl.java:62)<br/>
					java.base/jdk.internal.reflect.DelegatingMethodAccessorImpl.invoke(DelegatingMethodAccessorImpl.java:43)<br/>
					java.base/java.lang.reflect.Method.invoke(Method.java:566)<br/>
					org.testng.internal.MethodInvocationHelper.invokeMethod(MethodInvocationHelper.java:133)<br/>
					org.testng.internal.TestInvoker.invokeMethod(TestInvoker.java:598)<br/>
					org.testng.internal.TestInvoker.retryFailed(TestInvoker.java:213)<br/>
					org.testng.internal.MethodRunner.runInSequence(MethodRunner.java:58)<br/>
					org.testng.internal.TestInvoker$MethodInvocationAgent.invoke(TestInvoker.java:824)<br/>
					org.testng.internal.TestInvoker.invokeTestMethods(TestInvoker.java:146)<br/>
					org.testng.internal.TestMethodWorker.invokeTestMethods(TestMethodWorker.java:146)<br/>
					org.testng.internal.TestMethodWorker.run(TestMethodWorker.java:128)<br/>
					java.base/java.util.ArrayList.forEach(ArrayList.java:1540)<br/>
					org.testng.TestRunner.privateRun(TestRunner.java:794)<br/>
					org.testng.TestRunner.run(TestRunner.java:596)<br/>
					org.testng.SuiteRunner.runTest(SuiteRunner.java:377)<br/>
					org.testng.SuiteRunner.runSequentially(SuiteRunner.java:371)<br/>
					org.testng.SuiteRunner.privateRun(SuiteRunner.java:332)<br/>
					org.testng.SuiteRunner.run(SuiteRunner.java:276)<br/>
					org.testng.SuiteRunnerWorker.runSuite(SuiteRunnerWorker.java:53)<br/>
					org.testng.SuiteRunnerWorker.run(SuiteRunnerWorker.java:96)<br/>
					org.testng.TestNG.runSuitesSequentially(TestNG.java:1212)<br/>
					org.testng.TestNG.runSuitesLocally(TestNG.java:1134)<br/>
					org.testng.TestNG.runSuites(TestNG.java:1063)<br/>
					org.testng.TestNG.run(TestNG.java:1031)<br/>
					org.testng.remote.AbstractRemoteTestNG.run(AbstractRemoteTestNG.java:115)<br/>
					org.testng.remote.RemoteTestNG.initAndRun(RemoteTestNG.java:251)<br/>
					org.testng.remote.RemoteTestNG.main(RemoteTestNG.java:77)<br/>
						</div>
		</td>
	</div>
</tr>
					<tr>
	<td class="time">1649773892517</td>
	<td class="header skipped" colspan="4" onClick="toggleElement('d3605281-7e3b-4657-9b76-ad6f69dc37a2','block');changeSingleIcon('span-d3605281-7e3b-4657-9b76-ad6f69dc37a2');" title="Click to expand/collapse" style="cursor: pointer;">
	<div style="float:left;"><i>Class&nbsp;:&nbsp;</i>ui.ListenerDemoTest</div>
	<div style="float:right;">@Test @ with DataProvider : [""] &nbsp;&nbsp;<span id='span-d3605281-7e3b-4657-9b76-ad6f69dc37a2' class="glyphicon glyphicon-menu-down"></span></div>
	</td>
	</tr>
<tr>
	<td class="time">1649773892517</td>
	<td class="methodTest">
		<span class="description"><b>Method: </b>launchApp</span><br>
			<span class="description"><b>Description: </b></span><br>
							<span class="duration"><b>Duration: </b>10.070s</span><br>
	</td>
	<td class="result">
		 									<div class="stackTrace" id="d3605281-7e3b-4657-9b76-ad6f69dc37a2" style="display: block;">
												Testcase launchApp started successfully
												Testcase launchApp got skipped
									<a href="javascript:toggleElement('exception-d3605281-7e3b-4657-9b76-ad6f69dc37a2','block')" title="Click to expand/collapse"><b>java.lang.AssertionError: expected [true] but found [false]</b></a><br/>
		<div class="stackTrace" id="exception-d3605281-7e3b-4657-9b76-ad6f69dc37a2">
					org.testng.Assert.fail(Assert.java:99)<br/>
					org.testng.Assert.failNotEquals(Assert.java:1037)<br/>
					org.testng.Assert.assertTrue(Assert.java:45)<br/>
					org.testng.Assert.assertTrue(Assert.java:55)<br/>
					ui.ListenerDemoTest.launchApp(ListenerDemoTest.java:14)<br/>
					java.base/jdk.internal.reflect.NativeMethodAccessorImpl.invoke0(Native Method)<br/>
					java.base/jdk.internal.reflect.NativeMethodAccessorImpl.invoke(NativeMethodAccessorImpl.java:62)<br/>
					java.base/jdk.internal.reflect.DelegatingMethodAccessorImpl.invoke(DelegatingMethodAccessorImpl.java:43)<br/>
					java.base/java.lang.reflect.Method.invoke(Method.java:566)<br/>
					org.testng.internal.MethodInvocationHelper.invokeMethod(MethodInvocationHelper.java:133)<br/>
					org.testng.internal.TestInvoker.invokeMethod(TestInvoker.java:598)<br/>
					org.testng.internal.TestInvoker.invokeTestMethod(TestInvoker.java:173)<br/>
					org.testng.internal.MethodRunner.runInSequence(MethodRunner.java:46)<br/>
					org.testng.internal.TestInvoker$MethodInvocationAgent.invoke(TestInvoker.java:824)<br/>
					org.testng.internal.TestInvoker.invokeTestMethods(TestInvoker.java:146)<br/>
					org.testng.internal.TestMethodWorker.invokeTestMethods(TestMethodWorker.java:146)<br/>
					org.testng.internal.TestMethodWorker.run(TestMethodWorker.java:128)<br/>
					java.base/java.util.ArrayList.forEach(ArrayList.java:1540)<br/>
					org.testng.TestRunner.privateRun(TestRunner.java:794)<br/>
					org.testng.TestRunner.run(TestRunner.java:596)<br/>
					org.testng.SuiteRunner.runTest(SuiteRunner.java:377)<br/>
					org.testng.SuiteRunner.runSequentially(SuiteRunner.java:371)<br/>
					org.testng.SuiteRunner.privateRun(SuiteRunner.java:332)<br/>
					org.testng.SuiteRunner.run(SuiteRunner.java:276)<br/>
					org.testng.SuiteRunnerWorker.runSuite(SuiteRunnerWorker.java:53)<br/>
					org.testng.SuiteRunnerWorker.run(SuiteRunnerWorker.java:96)<br/>
					org.testng.TestNG.runSuitesSequentially(TestNG.java:1212)<br/>
					org.testng.TestNG.runSuitesLocally(TestNG.java:1134)<br/>
					org.testng.TestNG.runSuites(TestNG.java:1063)<br/>
					org.testng.TestNG.run(TestNG.java:1031)<br/>
					org.testng.remote.AbstractRemoteTestNG.run(AbstractRemoteTestNG.java:115)<br/>
					org.testng.remote.RemoteTestNG.initAndRun(RemoteTestNG.java:251)<br/>
					org.testng.remote.RemoteTestNG.main(RemoteTestNG.java:77)<br/>
						</div>
		</td>
	</div>
</tr>
						
			  
	</tbody>
	</table>
</div>
</body>
</html>
