<?xml version="1.0" encoding="UTF-8"?>
<!-- Generated by org.testng.reporters.JUnitXMLReporter -->
<testsuite ignored="13" hostname="LAPTOP-48V26LM1" failures="2" tests="32" name="Test" time="34.236" errors="0" timestamp="2022-04-13T15:45:54 IST">
  <testcase classname="ui.LoginTest" name="loginTest" time="0.005"/>
  <testcase classname="ui.LoginTest" name="logout" time="0.001"/>
  <testcase classname="ui.GroupsDemoTest" name="bTest3" time="0.001"/>
  <testcase classname="ui.GroupsDemoTest" name="btest4" time="0.001"/>
  <testcase classname="ui.GroupsDemoTest" name="loginTest" time="0.002"/>
  <testcase classname="ui.GroupsDemoTest" name="logout" time="0.0"/>
  <testcase classname="ui.SkipDemoException" name="btest4" time="0.002"/>
  <testcase classname="ui.SkipDemoException" name="skipTest2" time="0.001">
    <skipped/>
  </testcase> <!-- skipTest2 -->
  <testcase classname="ui.SkipDemoException" name="skipTest3" time="0.001">
    <skipped/>
  </testcase> <!-- skipTest3 -->
  <testcase classname="ui.ListenerDemoTest" name="launchApp" time="4.43">
    <failure type="java.lang.AssertionError" message="expected [true] but found [false]">
      <![CDATA[java.lang.AssertionError: expected [true] but found [false]
at ui.ListenerDemoTest.launchApp(ListenerDemoTest.java:14)
at java.base/java.util.ArrayList.forEach(ArrayList.java:1540)
... Removed 31 stack frames]]>
    </failure>
  </testcase> <!-- launchApp -->
  <testcase classname="ui.VerifyTitle" name="titleTest" time="3.976"/>
  <testcase classname="ui.GroupsDemoTest2" name="bTest3" time="0.001"/>
  <testcase classname="ui.GroupsDemoTest2" name="btest4" time="0.004"/>
  <testcase classname="ui.GroupsDemoTest2" name="loginTest" time="0.008"/>
  <testcase classname="ui.GroupsDemoTest2" name="logout" time="0.019"/>
  <testcase classname="ui.DataproviderDemoTest" name="test" time="0.003"/>
  <testcase classname="ui.DataproviderDemoTest" name="test" time="0.003"/>
  <testcase classname="ui.DataproviderDemoTest" name="test" time="0.002"/>
  <testcase classname="ui.DataproviderDemoTest" name="test" time="0.005"/>
  <testcase classname="ui.DataproviderDemoTest" name="test1" time="0.001"/>
  <testcase classname="ui.DataproviderDemoTest" name="test1" time="0.003"/>
  <testcase classname="ui.DataproviderDemoTest" name="test1" time="0.002"/>
  <testcase classname="ui.DataproviderDemoTest" name="test1" time="0.001"/>
  <testcase classname="ui.BeforeAfterClass" name="bTest3" time="0.001"/>
  <testcase classname="ui.BeforeAfterClass" name="btest4" time="0.003"/>
  <testcase classname="ui.BeforeAfterClass" name="loginTest" time="0.001"/>
  <testcase classname="ui.BeforeAfterClass" name="logout" time="0.001"/>
  <testcase classname="ui.VerifyTitleAndTextTest" name="titleTest" time="4.574">
    <failure type="java.lang.AssertionError" message="The following asserts failed:
	Title verification failed expected [Electronics,sfd Cars, Fashion, Collectibles &amp;amp; More | eBay] but found [Electronics, Cars, Fashion, Collectibles &amp;amp; More | eBay],
	Text verification failed expected [Search dsd] but found [Search]">
      <![CDATA[java.lang.AssertionError: The following asserts failed:
Title verification failed expected [Electronics,sfd Cars, Fashion, Collectibles & More | eBay] but found [Electronics, Cars, Fashion, Collectibles & More | eBay],
Text verification failed expected [Search dsd] but found [Search]
at ui.VerifyTitleAndTextTest.titleTest(VerifyTitleAndTextTest.java:36)
at java.base/java.util.ArrayList.forEach(ArrayList.java:1540)
... Removed 29 stack frames]]>
    </failure>
  </testcase> <!-- titleTest -->
  <testcase classname="ui.DataproviderDemoTest2Login" name="test1" time="3.48"/>
  <testcase classname="ui.DataproviderDemoTest2Login" name="test1" time="2.816"/>
  <testcase classname="ui.DataproviderDemoTest2Login" name="test1" time="2.902"/>
  <testcase classname="ui.DataproviderDemoTest2Login" name="test1" time="11.842"/>
  <testcase classname="ui.SkipDemoException" name="skipTest1" time="0.0">
    <ignored/>
  </testcase> <!-- skipTest1 -->
  <testcase classname="common.CommonDataSetup" name="@BeforeSuite dataSetup" time="0.0">
    <ignored/>
  </testcase> <!-- @BeforeSuite dataSetup -->
  <testcase classname="common.CommonDataSetup" name="@BeforeSuite dataSetup" time="0.0">
    <ignored/>
  </testcase> <!-- @BeforeSuite dataSetup -->
  <testcase classname="common.CommonDataSetup" name="@BeforeSuite dataSetup" time="0.0">
    <ignored/>
  </testcase> <!-- @BeforeSuite dataSetup -->
  <testcase classname="common.CommonDataSetup" name="@BeforeSuite dataSetup" time="0.0">
    <ignored/>
  </testcase> <!-- @BeforeSuite dataSetup -->
  <testcase classname="common.CommonDataSetup" name="@BeforeSuite dataSetup" time="0.0">
    <ignored/>
  </testcase> <!-- @BeforeSuite dataSetup -->
  <testcase classname="common.CommonDataSetup" name="@BeforeSuite dataSetup" time="0.0">
    <ignored/>
  </testcase> <!-- @BeforeSuite dataSetup -->
  <testcase classname="common.CommonDataSetup" name="@AfterSuite Teardown" time="0.0">
    <ignored/>
  </testcase> <!-- @AfterSuite Teardown -->
  <testcase classname="common.CommonDataSetup" name="@AfterSuite Teardown" time="0.0">
    <ignored/>
  </testcase> <!-- @AfterSuite Teardown -->
  <testcase classname="common.CommonDataSetup" name="@AfterSuite Teardown" time="0.0">
    <ignored/>
  </testcase> <!-- @AfterSuite Teardown -->
  <testcase classname="common.CommonDataSetup" name="@AfterSuite Teardown" time="0.0">
    <ignored/>
  </testcase> <!-- @AfterSuite Teardown -->
  <testcase classname="common.CommonDataSetup" name="@AfterSuite Teardown" time="0.0">
    <ignored/>
  </testcase> <!-- @AfterSuite Teardown -->
  <testcase classname="common.CommonDataSetup" name="@AfterSuite Teardown" time="0.0">
    <ignored/>
  </testcase> <!-- @AfterSuite Teardown -->
</testsuite> <!-- Test -->
