<?xml version="1.0" encoding="UTF-8"?>
<!-- Generated by org.testng.reporters.JUnitXMLReporter -->
<testsuite ignored="13" hostname="LAPTOP-48V26LM1" failures="1" tests="33" name="Functional Testing" time="46.875" errors="0" timestamp="2022-04-15T16:07:10 IST">
  <testcase classname="ui.LoginTest" name="loginTest" time="0.003"/>
  <testcase classname="ui.LoginTest" name="logout" time="0.0"/>
  <testcase classname="ui.GroupsDemoTest" name="bTest3" time="0.0"/>
  <testcase classname="ui.GroupsDemoTest" name="btest4" time="0.0"/>
  <testcase classname="ui.GroupsDemoTest" name="loginTest" time="0.001"/>
  <testcase classname="ui.GroupsDemoTest" name="logout" time="0.0"/>
  <testcase classname="ui.SkipDemoException" name="btest4" time="0.0"/>
  <testcase classname="ui.SkipDemoException" name="skipTest2" time="0.001">
    <skipped/>
  </testcase> <!-- skipTest2 -->
  <testcase classname="ui.SkipDemoException" name="skipTest3" time="0.001">
    <skipped/>
  </testcase> <!-- skipTest3 -->
  <testcase classname="ui.ListenerDemoTest" name="launchApp" time="5.835"/>
  <testcase classname="ui.VerifyTitle" name="titleTest" time="5.263"/>
  <testcase classname="ui.GroupsDemoTest2" name="bTest3" time="0.001"/>
  <testcase classname="ui.GroupsDemoTest2" name="btest4" time="0.001"/>
  <testcase classname="ui.GroupsDemoTest2" name="loginTest" time="0.001"/>
  <testcase classname="ui.GroupsDemoTest2" name="logout" time="0.002"/>
  <testcase classname="ui.LaunchApplicationLogin" name="launchApplication" time="0.0">
    <failure type="org.testng.TestNGException" message="
Parameter &amp;apos;browser&amp;apos; is required by @Test on method launchApplication but has not been marked @Optional or defined
in C:\Users\91861\Desktop\Voicera-Analytics Learning Materaial\TestNG_Framework\TestNG_Simple_project\RegressionTesting.xml">
      <![CDATA[org.testng.TestNGException: 
Parameter 'browser' is required by @Test on method launchApplication but has not been marked @Optional or defined
in C:\Users\91861\Desktop\Voicera-Analytics Learning Materaial\TestNG_Framework\TestNG_Simple_project\RegressionTesting.xml
at java.base/java.util.ArrayList.forEach(ArrayList.java:1540)
... Removed 26 stack frames]]>
    </failure>
  </testcase> <!-- launchApplication -->
  <testcase classname="ui.DataproviderDemoTest" name="test" time="0.002"/>
  <testcase classname="ui.DataproviderDemoTest" name="test" time="0.002"/>
  <testcase classname="ui.DataproviderDemoTest" name="test" time="0.004"/>
  <testcase classname="ui.DataproviderDemoTest" name="test" time="0.002"/>
  <testcase classname="ui.DataproviderDemoTest" name="test1" time="0.001"/>
  <testcase classname="ui.DataproviderDemoTest" name="test1" time="0.003"/>
  <testcase classname="ui.DataproviderDemoTest" name="test1" time="0.001"/>
  <testcase classname="ui.DataproviderDemoTest" name="test1" time="0.001"/>
  <testcase classname="ui.BeforeAfterClass" name="bTest3" time="0.001"/>
  <testcase classname="ui.BeforeAfterClass" name="btest4" time="0.0"/>
  <testcase classname="ui.BeforeAfterClass" name="loginTest" time="0.001"/>
  <testcase classname="ui.BeforeAfterClass" name="logout" time="0.001"/>
  <testcase classname="ui.VerifyTitleAndTextTest" name="titleTest" time="16.233"/>
  <testcase classname="ui.DataproviderDemoTest2Login" name="test1" time="2.736"/>
  <testcase classname="ui.DataproviderDemoTest2Login" name="test1" time="2.514"/>
  <testcase classname="ui.DataproviderDemoTest2Login" name="test1" time="2.583"/>
  <testcase classname="ui.DataproviderDemoTest2Login" name="test1" time="11.593"/>
  <testcase classname="ui.SkipDemoException" name="skipTest1" time="0.0">
    <ignored/>
  </testcase> <!-- skipTest1 -->
  <testcase classname="common.CommonDataSetup" name="@BeforeSuite dataSetup" time="0.0">
    <ignored/>
  </testcase> <!-- @BeforeSuite dataSetup -->
  <testcase classname="common.CommonDataSetup" name="@BeforeSuite dataSetup" time="0.0">
    <ignored/>
  </testcase> <!-- @BeforeSuite dataSetup -->
  <testcase classname="common.CommonDataSetup" name="@BeforeSuite dataSetup" time="0.0">
    <ignored/>
  </testcase> <!-- @BeforeSuite dataSetup -->
  <testcase classname="common.CommonDataSetup" name="@BeforeSuite dataSetup" time="0.0">
    <ignored/>
  </testcase> <!-- @BeforeSuite dataSetup -->
  <testcase classname="common.CommonDataSetup" name="@BeforeSuite dataSetup" time="0.0">
    <ignored/>
  </testcase> <!-- @BeforeSuite dataSetup -->
  <testcase classname="common.CommonDataSetup" name="@BeforeSuite dataSetup" time="0.0">
    <ignored/>
  </testcase> <!-- @BeforeSuite dataSetup -->
  <testcase classname="common.CommonDataSetup" name="@AfterSuite Teardown" time="0.0">
    <ignored/>
  </testcase> <!-- @AfterSuite Teardown -->
  <testcase classname="common.CommonDataSetup" name="@AfterSuite Teardown" time="0.0">
    <ignored/>
  </testcase> <!-- @AfterSuite Teardown -->
  <testcase classname="common.CommonDataSetup" name="@AfterSuite Teardown" time="0.0">
    <ignored/>
  </testcase> <!-- @AfterSuite Teardown -->
  <testcase classname="common.CommonDataSetup" name="@AfterSuite Teardown" time="0.0">
    <ignored/>
  </testcase> <!-- @AfterSuite Teardown -->
  <testcase classname="common.CommonDataSetup" name="@AfterSuite Teardown" time="0.0">
    <ignored/>
  </testcase> <!-- @AfterSuite Teardown -->
  <testcase classname="common.CommonDataSetup" name="@AfterSuite Teardown" time="0.0">
    <ignored/>
  </testcase> <!-- @AfterSuite Teardown -->
</testsuite> <!-- Functional Testing -->
